<?xml version="1.0" encoding="UTF-8"?>
<testsuite name="pushNotification" tests="1" skipped="0" failures="0" errors="0" timestamp="2019-09-05T21:15:43" hostname="DESKTOP-BJS7181" time="0.016">
  <properties/>
  <testcase name="pushNotification" classname="pushNotification" time="0.016"/>
  <system-out><![CDATA[HTTP POST on URL=http://127.0.0.1:8080/hue-notification
body={"payload":"bonjour"}
Thanks for the notification bro :3
Response code=200
]]></system-out>
  <system-err><![CDATA[]]></system-err>
</testsuite>
