<?xml version="1.0" encoding="UTF-8"?>
<testsuite name="startWatcherThreadLoop" tests="1" skipped="0" failures="0" errors="0" timestamp="2020-04-12T16:17:29" hostname="RAZER-BLADE-NICOLAS" time="20.351">
  <properties/>
  <testcase name="startWatcherThreadLoop" classname="startWatcherThreadLoop" time="20.351"/>
  <system-out><![CDATA[NATS manager intialization...
NATS successfully connected !
Starting watcher ...
AsyncSubscribing to topic: alert.motion.watcher.set
NATS manager intialization...
NATS successfully connected !
AsyncSubscribing to topic: hue.motion.alert.new
Publishing to topic: alert.motion.watcher.set
Message on topic alert.motion.watcher.set received: {"id":"18", "state":"true"}
list of ids looks like this: [18]
Starting watcher ...
Starting thread Watcher for sensor id -> 18
Publishing request on topic: hue.sensor.get.all
Publishing to topic: null
Publishing request on topic: hue.sensor.get.all
Publishing request on topic: hue.sensor.get.all
Publishing request on topic: hue.sensor.get.all
Publishing request on topic: hue.sensor.get.all
Publishing request on topic: hue.sensor.get.all
Publishing request on topic: hue.sensor.get.all
Publishing request on topic: hue.sensor.get.all
Publishing request on topic: hue.sensor.get.all
Alertmap size:1
Putting alert in JSONARRAY:model.alertdatabaseobject.AlertDataBaseObject@31a9dd18
Publishing to topic: hue.motion.alert.new
TEST NATS MNGR: receiving incoming msg: {"myArrayList":[{"sensorId":18,"name":"capteur Entree","productName":"Hue motion sensor","manufacturerName":"Signify Netherlands B.V.","date":"Apr 12, 2020, 6:17:46 PM","type":"presence","value":true}]}
Publishing request on topic: hue.sensor.get.all
Alertmap size:1
Putting alert in JSONARRAY:model.alertdatabaseobject.AlertDataBaseObject@16f010ab
Publishing to topic: hue.motion.alert.new
TEST NATS MNGR: receiving incoming msg: {"myArrayList":[{"sensorId":18,"name":"capteur Entree","productName":"Hue motion sensor","manufacturerName":"Signify Netherlands B.V.","date":"Apr 12, 2020, 6:17:48 PM","type":"presence","value":true}]}
Number of detections: 2
]]></system-out>
  <system-err><![CDATA[]]></system-err>
</testsuite>
